<?xml version="1.0" encoding="utf-8"?><testsuites name="pytest tests"><testsuite name="pytest" errors="0" failures="0" skipped="0" tests="12" time="4.177" timestamp="2026-09-23T21:18:19.564114+00:00" hostname="agent-env-fd5deac0-05da-49e1-887e-77e8b453ae4f"><testcase classname="tests.test_contact" name="test_root" time="0.505" /><testcase classname="tests.test_contact" name="test_admin_login_wrong_password" time="0.080" /><testcase classname="tests.test_contact" name="test_admin_login_correct" time="0.089" /><testcase classname="tests.test_contact" name="test_admin_messages_no_auth" time="0.159" /><testcase classname="tests.test_contact" name="test_admin_messages_bad_token" time="0.164" /><testcase classname="tests.test_contact" name="test_admin_messages_with_auth" time="0.205" /><testcase classname="tests.test_contact" name="test_create_contact_valid_and_persists" time="0.575" /><testcase classname="tests.test_contact" name="test_admin_messages_newest_first" time="0.963" /><testcase classname="tests.test_contact" name="test_contact_missing_name" time="0.072" /><testcase classname="tests.test_contact" name="test_contact_invalid_email" time="0.066" /><testcase classname="tests.test_contact" name="test_contact_short_message" time="0.076" /><testcase classname="tests.test_contact" name="test_contact_short_name" time="0.073" /></testsuite></testsuites>