<?xml version="1.0" encoding="utf-8"?><testsuites name="pytest tests"><testsuite name="pytest" errors="0" failures="0" skipped="0" tests="7" time="1.376" timestamp="2026-09-23T21:07:17.809238+00:00" hostname="agent-env-fd5deac0-05da-49e1-887e-77e8b453ae4f"><testcase classname="tests.test_contact" name="test_root" time="0.233" /><testcase classname="tests.test_contact" name="test_create_contact_valid" time="0.143" /><testcase classname="tests.test_contact" name="test_get_contact_sorted_desc" time="0.198" /><testcase classname="tests.test_contact" name="test_contact_missing_name" time="0.069" /><testcase classname="tests.test_contact" name="test_contact_invalid_email" time="0.075" /><testcase classname="tests.test_contact" name="test_contact_short_message" time="0.072" /><testcase classname="tests.test_contact" name="test_contact_short_name" time="0.073" /></testsuite></testsuites>